TN:
SF:resources\js\api\getJobs.ts
FN:3,(anonymous_14)
FNF:1
FNH:1
FNDA:2,(anonymous_14)
DA:1,16
DA:3,17
DA:4,1
DA:5,1
DA:8,16
LF:5
LH:5
BRDA:4,0,0,1
BRF:1
BRH:1
end_of_record
TN:
SF:resources\js\components\JobResults\JobListing.vue
FN:71,(anonymous_0)
FN:72,(anonymous_1)
FNF:2
FNH:2
FNDA:5,(anonymous_0)
FNDA:5,(anonymous_1)
DA:60,2
DA:63,2
DA:72,5
DA:73,5
LF:4
LH:4
BRF:0
BRH:0
end_of_record
TN:
SF:resources\js\components\JobResults\JobListings.vue
FN:53,(anonymous_1)
FN:60,(anonymous_2)
FN:66,(anonymous_3)
FNF:3
FNH:2
FNDA:7,(anonymous_1)
FNDA:0,(anonymous_2)
FNDA:7,(anonymous_3)
DA:41,1
DA:43,1
DA:44,1
DA:45,1
DA:46,1
DA:48,1
DA:54,7
DA:56,7
DA:58,7
DA:60,7
DA:61,7
DA:66,7
DA:67,7
DA:68,7
DA:69,7
DA:70,7
DA:73,7
LF:17
LH:17
BRF:0
BRH:0
end_of_record
TN:
SF:resources\js\components\JobResults\JobFiltersSidebar\JobFiltersSidebar.vue
FN:68,(anonymous_1)
FN:69,(anonymous_2)
FN:75,(anonymous_3)
FNF:3
FNH:3
FNDA:2,(anonymous_1)
FNDA:2,(anonymous_2)
FNDA:2,(anonymous_3)
DA:38,1
DA:39,1
DA:40,1
DA:42,1
DA:43,1
DA:48,1
DA:50,1
DA:51,1
DA:52,1
DA:53,1
DA:54,1
DA:55,1
DA:57,1
DA:69,2
DA:70,2
DA:71,2
DA:72,2
DA:73,2
DA:75,2
DA:76,2
DA:77,2
DA:78,2
DA:79,2
DA:81,2
DA:82,2
LF:25
LH:25
BRDA:71,0,0,2
BRDA:71,0,1,1
BRDA:77,1,0,2
BRDA:77,1,1,2
BRF:4
BRH:4
end_of_record
TN:
SF:resources\js\components\JobResults\JobFiltersSidebar\JobFiltersSidebarCheckboxGroup.vue
FN:44,(anonymous_0)
FN:50,(anonymous_1)
FN:56,(anonymous_2)
FNF:3
FNH:2
FNDA:3,(anonymous_0)
FNDA:0,(anonymous_1)
FNDA:2,(anonymous_2)
DA:25,5
DA:26,5
DA:27,5
DA:29,5
DA:30,5
DA:32,5
DA:45,3
DA:46,3
DA:48,3
DA:50,3
DA:51,0
DA:52,0
DA:56,3
DA:57,2
DA:58,2
DA:61,3
LF:16
LH:14
BRDA:51,0,0,0
BRF:1
BRH:0
end_of_record
TN:
SF:resources\js\components\JobResults\JobFiltersSidebar\JobFiltersSidebarDegrees.vue
FN:22,(anonymous_1)
FNF:1
FNH:1
FNDA:1,(anonymous_1)
DA:10,2
DA:12,2
DA:13,2
DA:15,2
DA:17,2
DA:23,1
DA:24,1
LF:7
LH:7
BRF:0
BRH:0
end_of_record
TN:
SF:resources\js\components\JobResults\JobFiltersSidebar\JobFiltersSidebarJobTypes.vue
FN:22,(anonymous_1)
FNF:1
FNH:1
FNDA:1,(anonymous_1)
DA:10,2
DA:12,2
DA:13,2
DA:15,2
DA:17,2
DA:23,1
DA:24,1
LF:7
LH:7
BRF:0
BRH:0
end_of_record
TN:
SF:resources\js\components\JobResults\JobFiltersSidebar\JobFiltersSidebarLocations.vue
FN:30,(anonymous_0)
FN:33,(anonymous_1)
FN:36,(anonymous_2)
FNF:3
FNH:0
FNDA:0,(anonymous_0)
FNDA:0,(anonymous_1)
FNDA:0,(anonymous_2)
DA:22,1
DA:23,1
DA:25,1
DA:26,1
DA:28,1
DA:31,0
DA:32,0
DA:34,0
DA:37,0
DA:40,0
LF:10
LH:5
BRF:0
BRH:0
end_of_record
TN:
SF:resources\js\components\JobResults\JobFiltersSidebar\JobFiltersSidebarOrganizations.vue
FN:23,(anonymous_1)
FNF:1
FNH:1
FNDA:1,(anonymous_1)
DA:11,2
DA:13,2
DA:15,2
DA:16,2
DA:18,2
DA:24,1
DA:25,1
LF:7
LH:7
BRF:0
BRH:0
end_of_record
TN:
SF:resources\js\components\JobResults\JobFiltersSidebar\JobFiltersSidebarPrompt.vue
FN:28,(anonymous_1)
FN:30,(anonymous_2)
FNF:2
FNH:2
FNDA:3,(anonymous_1)
FNDA:1,(anonymous_2)
DA:16,2
DA:17,2
DA:19,2
DA:21,2
DA:23,2
DA:25,2
DA:29,3
DA:30,3
DA:31,1
DA:33,3
LF:10
LH:10
BRF:0
BRH:0
end_of_record
TN:
SF:resources\js\components\JobResults\JobFiltersSidebar\JobFiltersSidebarSkills.vue
FN:30,(anonymous_0)
FN:33,(anonymous_1)
FN:36,(anonymous_2)
FNF:3
FNH:3
FNDA:3,(anonymous_0)
FNDA:3,(anonymous_1)
FNDA:2,(anonymous_2)
DA:22,2
DA:23,2
DA:25,2
DA:26,2
DA:28,2
DA:31,3
DA:32,3
DA:34,3
DA:37,2
DA:40,3
LF:10
LH:10
BRF:0
BRH:0
end_of_record
TN:
SF:resources\js\components\JobSearch\Headline.vue
FN:30,(anonymous_1)
FN:37,(anonymous_2)
FN:43,(anonymous_3)
FN:46,(anonymous_4)
FN:50,(anonymous_5)
FN:51,(anonymous_6)
FNF:6
FNH:5
FNDA:2,(anonymous_1)
FNDA:3,(anonymous_2)
FNDA:2,(anonymous_3)
FNDA:0,(anonymous_4)
FNDA:2,(anonymous_5)
FNDA:1,(anonymous_6)
DA:16,1
DA:17,1
DA:28,1
DA:31,2
DA:38,3
DA:44,2
DA:47,0
DA:50,2
DA:51,2
DA:52,1
DA:53,1
LF:11
LH:10
BRF:0
BRH:0
end_of_record
TN:
SF:resources\js\components\JobSearch\JobSearchForm.vue
FN:55,(anonymous_1)
FN:61,(anonymous_2)
FNF:2
FNH:2
FNDA:1,(anonymous_1)
FNDA:1,(anonymous_2)
DA:43,1
DA:44,1
DA:46,1
DA:47,1
DA:49,1
DA:56,1
DA:58,1
DA:59,1
DA:61,1
DA:62,1
DA:68,1
LF:11
LH:11
BRF:0
BRH:0
end_of_record
TN:
SF:resources\js\components\Navigation\MainNav.vue
FN:66,(anonymous_3)
FN:76,(anonymous_4)
FNF:2
FNH:2
FNDA:6,(anonymous_3)
FNDA:6,(anonymous_4)
DA:49,1
DA:51,1
DA:53,1
DA:54,1
DA:55,1
DA:57,1
DA:59,1
DA:67,6
DA:77,6
LF:9
LH:9
BRF:0
BRH:0
end_of_record
TN:
SF:resources\js\components\Navigation\ProfileImage.vue
FN:10,(anonymous_0)
FNF:1
FNH:1
FNDA:3,(anonymous_0)
DA:6,2
DA:8,2
DA:11,3
LF:3
LH:3
BRF:0
BRH:0
end_of_record
TN:
SF:resources\js\components\Navigation\Subnav.vue
FN:23,(anonymous_1)
FNF:1
FNH:1
FNDA:2,(anonymous_1)
DA:16,2
DA:18,2
DA:19,2
DA:21,2
DA:24,2
DA:25,2
DA:26,2
LF:7
LH:7
BRF:0
BRH:0
end_of_record
TN:
SF:resources\js\components\Shared\Accordion.vue
FN:32,(anonymous_0)
FN:35,(anonymous_1)
FN:39,(anonymous_2)
FNF:3
FNH:3
FNDA:12,(anonymous_0)
FNDA:2,(anonymous_1)
FNDA:14,(anonymous_2)
DA:22,2
DA:24,2
DA:33,12
DA:35,12
DA:36,2
DA:39,12
DA:40,14
DA:43,12
LF:8
LH:8
BRDA:40,0,0,2
BRDA:40,0,1,12
BRF:2
BRH:2
end_of_record
TN:
SF:resources\js\components\Shared\ActionButton.vue
FN:21,(anonymous_0)
FN:26,(anonymous_1)
FN:29,(anonymous_2)
FNF:3
FNH:3
FNDA:10,(anonymous_0)
FNDA:10,(anonymous_1)
FNDA:10,(anonymous_2)
DA:8,5
DA:10,5
DA:22,10
DA:27,10
DA:29,10
DA:30,10
DA:34,10
LF:7
LH:7
BRF:0
BRH:0
end_of_record
TN:
SF:resources\js\components\Shared\HeaderContainer.vue
FNF:0
FNH:0
DA:11,1
DA:13,1
LF:2
LH:2
BRF:0
BRH:0
end_of_record
TN:
SF:resources\js\components\Shared\TextInput.vue
FN:29,(anonymous_0)
FNF:1
FNH:1
FNDA:5,(anonymous_0)
DA:12,2
DA:14,2
DA:30,5
DA:31,5
LF:4
LH:4
BRF:0
BRH:0
end_of_record
TN:
SF:resources\js\composables\useConfirmRoute.ts
FN:4,(anonymous_0)
FN:6,(anonymous_1)
FNF:2
FNH:2
FNDA:1,(anonymous_0)
FNDA:1,(anonymous_1)
DA:1,3
DA:2,3
DA:4,3
DA:5,1
DA:6,1
DA:9,3
LF:6
LH:6
BRF:0
BRH:0
end_of_record
TN:
SF:resources\js\composables\useCurrentPage.ts
FN:4,(anonymous_0)
FN:7,(anonymous_1)
FNF:2
FNH:2
FNDA:2,(anonymous_0)
FNDA:2,(anonymous_1)
DA:1,2
DA:2,2
DA:4,2
DA:5,2
DA:6,2
DA:7,2
DA:10,2
LF:7
LH:7
BRDA:7,0,0,2
BRDA:7,0,1,1
BRF:2
BRH:2
end_of_record
TN:
SF:resources\js\composables\usePreviousAndNextPages.ts
FN:7,(anonymous_0)
FN:11,(anonymous_1)
FN:17,(anonymous_2)
FNF:3
FNH:3
FNDA:4,(anonymous_0)
FNDA:2,(anonymous_1)
FNDA:2,(anonymous_2)
DA:1,2
DA:7,2
DA:11,4
DA:12,2
DA:13,2
DA:14,2
DA:17,4
DA:18,2
DA:19,2
DA:22,4
DA:25,2
LF:11
LH:11
BRDA:14,0,0,1
BRDA:14,0,1,1
BRDA:19,1,0,1
BRDA:19,1,1,1
BRF:4
BRH:4
end_of_record
TN:
SF:resources\js\store\actions.ts
FN:11,(anonymous_14)
FN:11,(anonymous_15)
FNF:2
FNH:2
FNDA:2,(anonymous_14)
FNDA:2,(anonymous_15)
DA:3,15
DA:4,15
DA:10,15
DA:11,2
DA:12,2
DA:13,2
DA:17,15
LF:7
LH:7
BRDA:12,0,0,2
BRF:1
BRH:1
end_of_record
TN:
SF:resources\js\store\composables.ts
FN:17,(anonymous_0)
FN:19,(anonymous_1)
FN:22,(anonymous_2)
FN:24,(anonymous_3)
FN:27,(anonymous_4)
FN:29,(anonymous_5)
FN:32,(anonymous_6)
FN:34,(anonymous_7)
FN:38,(anonymous_8)
FNF:9
FNH:9
FNDA:1,(anonymous_0)
FNDA:1,(anonymous_1)
FNDA:1,(anonymous_2)
FNDA:1,(anonymous_3)
FNDA:1,(anonymous_4)
FNDA:1,(anonymous_5)
FNDA:1,(anonymous_6)
FNDA:1,(anonymous_7)
FNDA:1,(anonymous_8)
DA:1,8
DA:2,8
DA:4,8
DA:14,8
DA:17,8
DA:18,1
DA:19,1
DA:22,8
DA:23,1
DA:24,1
DA:27,8
DA:28,1
DA:29,1
DA:32,8
DA:33,1
DA:34,1
DA:38,8
DA:39,1
DA:40,1
LF:19
LH:19
BRF:0
BRH:0
end_of_record
TN:
SF:resources\js\store\constants.ts
FNF:0
FNH:0
DA:2,17
DA:5,17
DA:6,17
DA:7,17
DA:8,17
DA:12,17
DA:13,17
DA:14,17
DA:15,17
DA:18,17
DA:19,17
DA:20,17
DA:23,17
DA:24,17
DA:25,17
DA:30,17
DA:31,17
DA:32,17
LF:18
LH:18
BRF:0
BRH:0
end_of_record
TN:
SF:resources\js\store\getters.ts
FN:25,(anonymous_0)
FN:27,(anonymous_1)
FN:30,(anonymous_2)
FN:32,(anonymous_3)
FN:35,(anonymous_4)
FN:37,(anonymous_5)
FN:40,(anonymous_6)
FN:40,(anonymous_7)
FN:44,(anonymous_8)
FN:44,(anonymous_9)
FN:48,(anonymous_10)
FN:48,(anonymous_11)
FN:52,(anonymous_12)
FN:52,(anonymous_13)
FN:57,(anonymous_14)
FN:57,(anonymous_15)
FN:62,(anonymous_16)
FN:64,(anonymous_17)
FN:65,(anonymous_18)
FN:66,(anonymous_19)
FN:67,(anonymous_20)
FN:68,(anonymous_21)
FNF:22
FNH:20
FNDA:1,(anonymous_0)
FNDA:3,(anonymous_1)
FNDA:1,(anonymous_2)
FNDA:3,(anonymous_3)
FNDA:1,(anonymous_4)
FNDA:3,(anonymous_5)
FNDA:2,(anonymous_6)
FNDA:2,(anonymous_7)
FNDA:2,(anonymous_8)
FNDA:2,(anonymous_9)
FNDA:2,(anonymous_10)
FNDA:2,(anonymous_11)
FNDA:3,(anonymous_12)
FNDA:3,(anonymous_13)
FNDA:0,(anonymous_14)
FNDA:0,(anonymous_15)
FNDA:1,(anonymous_16)
FNDA:1,(anonymous_17)
FNDA:1,(anonymous_18)
FNDA:1,(anonymous_19)
FNDA:1,(anonymous_20)
FNDA:1,(anonymous_21)
DA:1,15
DA:24,15
DA:26,1
DA:27,3
DA:28,1
DA:31,1
DA:32,3
DA:33,1
DA:36,1
DA:37,3
DA:38,1
DA:40,2
DA:41,2
DA:42,1
DA:44,2
DA:45,2
DA:46,1
DA:48,2
DA:49,2
DA:50,1
DA:52,3
DA:53,3
DA:57,0
DA:58,0
DA:63,1
DA:64,1
DA:65,1
DA:66,1
DA:67,1
DA:68,1
DA:72,15
LF:31
LH:29
BRDA:41,0,0,1
BRDA:45,1,0,1
BRDA:49,2,0,1
BRF:3
BRH:3
end_of_record
TN:
SF:resources\js\store\index.ts
FNF:0
FNH:0
DA:2,14
DA:4,14
DA:5,14
DA:6,14
DA:7,14
DA:10,14
DA:12,14
DA:20,14
LF:8
LH:8
BRF:0
BRH:0
end_of_record
TN:
SF:resources\js\store\mutations.ts
FN:16,(anonymous_0)
FN:19,(anonymous_1)
FN:22,(anonymous_2)
FN:25,(anonymous_3)
FN:28,(anonymous_4)
FN:31,(anonymous_5)
FN:34,(anonymous_6)
FN:37,(anonymous_7)
FNF:8
FNH:6
FNDA:1,(anonymous_0)
FNDA:1,(anonymous_1)
FNDA:1,(anonymous_2)
FNDA:1,(anonymous_3)
FNDA:1,(anonymous_4)
FNDA:0,(anonymous_5)
FNDA:0,(anonymous_6)
FNDA:1,(anonymous_7)
DA:1,15
DA:15,15
DA:17,1
DA:20,1
DA:23,1
DA:26,1
DA:29,1
DA:32,0
DA:35,0
DA:38,1
DA:39,1
DA:40,1
DA:41,1
DA:42,1
DA:46,15
LF:15
LH:13
BRF:0
BRH:0
end_of_record
TN:
SF:resources\js\store\state.ts
FN:3,(anonymous_0)
FNF:1
FNH:1
FNDA:34,(anonymous_0)
DA:3,18
DA:4,34
DA:15,18
LF:3
LH:3
BRF:0
BRH:0
end_of_record
TN:
SF:resources\js\tests\store\utils.ts
FN:5,(anonymous_3)
FN:10,(anonymous_4)
FNF:2
FNH:2
FNDA:19,(anonymous_3)
FNDA:26,(anonymous_4)
DA:1,3
DA:5,19
DA:6,19
DA:7,19
DA:10,28
LF:5
LH:5
BRDA:5,0,0,0
BRDA:10,1,0,2
BRF:2
BRH:1
end_of_record
TN:
SF:resources\js\utils\nextElementInList.ts
FN:1,(anonymous_0)
FNF:1
FNH:1
FNDA:3,(anonymous_0)
DA:1,2
DA:2,3
DA:3,3
DA:4,3
DA:5,3
DA:8,2
LF:6
LH:6
BRF:0
BRH:0
end_of_record
